Build started 2017-03-10 14:14:49.
     1>Project "C:\Users\student\labPWP\build\RUN_TESTS.vcxproj" on node 2 (build target(s)).
     1>InitializeBuildStatus:
         Creating "Win32\Debug\RUN_TESTS\RUN_TESTS.unsuccessfulbuild" because "AlwaysCreate" was specified.
       PostBuildEvent:
         setlocal
         "C:\Program Files\CMake\bin\ctest.exe" --force-new-ctest-process -C Debug
         if %errorlevel% neq 0 goto :cmEnd
         :cmEnd
         endlocal & call :cmErrorLevel %errorlevel% & goto :cmDone
         :cmErrorLevel
         exit /b %1
         :cmDone
         if %errorlevel% neq 0 goto :VCEnd
         :VCEnd
         Test project C:/Users/student/labPWP/build
             Start 1: LaborkaPodstawowyTest
         Could not find executable Laborka
         Looked in the following places:
         Laborka
         Laborka.exe
         Debug/Laborka
         Debug/Laborka.exe
         Debug/Laborka
         Debug/Laborka.exe
         Unable to find executable: Laborka
         1/3 Test #1: LaborkaPodstawowyTest ............***Not Run   0.00 sec
             Start 2: LaborkaWynikSin45
         Could not find executable Laborka
         Looked in the following places:
         Laborka
         Laborka.exe
         Debug/Laborka
         Debug/Laborka.exe
         Debug/Laborka
         Debug/Laborka.exe
         Unable to find executable: Laborka
         2/3 Test #2: LaborkaWynikSin45 ................***Not Run   0.00 sec
             Start 3: Laborka3sek
         Could not find executable Laborka
         Looked in the following places:
         Laborka
         Laborka.exe
         Debug/Laborka
         Debug/Laborka.exe
         Debug/Laborka
         Debug/Laborka.exe
         Unable to find executable: Laborka
         3/3 Test #3: Laborka3sek ......................***Not Run   0.00 sec
         
         0% tests passed, 3 tests failed out of 3
         
         Total Test time (real) =   0.08 sec
         
         The following tests FAILED:
         	  1 - LaborkaPodstawowyTest (Not Run)
         	  2 - LaborkaWynikSin45 (Not Run)
         	  3 - Laborka3sek (Not Run)
         Errors while running CTest
     1>C:\Program Files\MSBuild\Microsoft.Cpp\v4.0\Microsoft.CppCommon.targets(113,5): error MSB3073: The command "setlocal
C:\Program Files\MSBuild\Microsoft.Cpp\v4.0\Microsoft.CppCommon.targets(113,5): error MSB3073: "C:\Program Files\CMake\bin\ctest.exe" --force-new-ctest-process -C Debug
C:\Program Files\MSBuild\Microsoft.Cpp\v4.0\Microsoft.CppCommon.targets(113,5): error MSB3073: if %errorlevel% neq 0 goto :cmEnd
C:\Program Files\MSBuild\Microsoft.Cpp\v4.0\Microsoft.CppCommon.targets(113,5): error MSB3073: :cmEnd
C:\Program Files\MSBuild\Microsoft.Cpp\v4.0\Microsoft.CppCommon.targets(113,5): error MSB3073: endlocal & call :cmErrorLevel %errorlevel% & goto :cmDone
C:\Program Files\MSBuild\Microsoft.Cpp\v4.0\Microsoft.CppCommon.targets(113,5): error MSB3073: :cmErrorLevel
C:\Program Files\MSBuild\Microsoft.Cpp\v4.0\Microsoft.CppCommon.targets(113,5): error MSB3073: exit /b %1
C:\Program Files\MSBuild\Microsoft.Cpp\v4.0\Microsoft.CppCommon.targets(113,5): error MSB3073: :cmDone
C:\Program Files\MSBuild\Microsoft.Cpp\v4.0\Microsoft.CppCommon.targets(113,5): error MSB3073: if %errorlevel% neq 0 goto :VCEnd
C:\Program Files\MSBuild\Microsoft.Cpp\v4.0\Microsoft.CppCommon.targets(113,5): error MSB3073: :VCEnd" exited with code 8.
     1>Done Building Project "C:\Users\student\labPWP\build\RUN_TESTS.vcxproj" (build target(s)) -- FAILED.

Build FAILED.

Time Elapsed 00:00:00.20
